
> build
> vite build

[36mvite v5.4.21 [32mbuilding for production...[36m[39m
transforming...
[32mΓ£ô[39m 3 modules transformed.
node.exe : [31mx[39m Build failed 
in 242ms
At C:\Program 
Files\nodejs\npm.ps1:29 char:3
+   & $NODE_EXE $NPM_CLI_JS $args
+   ~~~~~~~~~~~~~~~~~~~~~~~~~~~~~
    + CategoryInfo          : NotSpe 
   cified: ([31mx[39m Build faile  
  d in 242ms:String) [], RemoteExc   
 eption
    + FullyQualifiedErrorId : Native 
   CommandError
 
[31merror during build:
[31m[vite:css] [postcss] It looks 
like you're trying to use 
`tailwindcss` directly as a PostCSS 
plugin. The PostCSS plugin has moved 
to a separate package, so to 
continue using Tailwind CSS with 
PostCSS you'll need to install 
`@tailwindcss/postcss` and update 
your PostCSS configuration.[31m
file: [36mD:\project\ukk_template\re
sources\css\app.css:undefined:NaN[31
m
    at at (D:\project\ukk_template\no
de_modules\tailwindcss\dist\lib.js:38
:1643)
    at LazyResult.runOnRoot (D:\proje
ct\ukk_template\node_modules\postcss\
lib\lazy-result.js:361:16)
    at LazyResult.runAsync (D:\projec
t\ukk_template\node_modules\postcss\l
ib\lazy-result.js:290:26)
    at LazyResult.async (D:\project\u
kk_template\node_modules\postcss\lib\
lazy-result.js:192:30)
    at LazyResult.then (D:\project\uk
k_template\node_modules\postcss\lib\l
azy-result.js:436:17)[39m
